[0m21:54:58.753848 [debug] [MainThread]: Sending event: {'category': 'dbt', 'action': 'invocation', 'label': 'start', 'context': [<snowplow_tracker.self_describing_json.SelfDescribingJson object at 0x0000025D508A9710>, <snowplow_tracker.self_describing_json.SelfDescribingJson object at 0x0000025D50A92E90>, <snowplow_tracker.self_describing_json.SelfDescribingJson object at 0x0000025D5091E390>]}


============================== 21:54:58.757878 | 1db36fde-28e9-4463-9615-80719802251f ==============================
[0m21:54:58.757878 [info ] [MainThread]: Running with dbt=1.7.6
[0m21:54:58.758850 [debug] [MainThread]: running dbt with arguments {'printer_width': '80', 'indirect_selection': 'eager', 'write_json': 'True', 'log_cache_events': 'False', 'partial_parse': 'True', 'cache_selected_only': 'False', 'profiles_dir': 'D:\\airflow_dbt_demo', 'debug': 'False', 'version_check': 'True', 'log_path': 'logs', 'fail_fast': 'False', 'warn_error': 'None', 'use_colors': 'True', 'use_experimental_parser': 'False', 'no_print': 'None', 'quiet': 'False', 'warn_error_options': 'WarnErrorOptions(include=[], exclude=[])', 'introspect': 'True', 'log_format': 'default', 'invocation_command': 'dbt debug', 'target_path': 'None', 'static_parser': 'True', 'send_anonymous_usage_stats': 'True'}
[0m21:54:58.759857 [info ] [MainThread]: dbt version: 1.7.6
[0m21:54:58.761310 [info ] [MainThread]: python version: 3.11.6
[0m21:54:58.762321 [info ] [MainThread]: python path: D:\airflow_dbt_demo\dbt_snowflake\Scripts\python.exe
[0m21:54:58.763319 [info ] [MainThread]: os info: Windows-10-10.0.22621-SP0
[0m21:54:58.771327 [info ] [MainThread]: Error importing adapter: No module named 'dbt.adapters.snowflake'
[0m21:54:58.772323 [info ] [MainThread]: Using profiles dir at D:\airflow_dbt_demo
[0m21:54:58.773324 [info ] [MainThread]: Using profiles.yml file at D:\airflow_dbt_demo\profiles.yml
[0m21:54:58.774329 [info ] [MainThread]: Using dbt_project.yml file at D:\airflow_dbt_demo\dbt_project.yml
[0m21:54:58.775851 [info ] [MainThread]: Configuration:
[0m21:54:58.777882 [info ] [MainThread]:   profiles.yml file [[31mERROR invalid[0m]
[0m21:54:58.779397 [info ] [MainThread]:   dbt_project.yml file [[31mERROR not found[0m]
[0m21:54:58.780410 [info ] [MainThread]: Required dependencies:
[0m21:54:58.781406 [debug] [MainThread]: Executing "git --help"
[0m21:54:58.861959 [debug] [MainThread]: STDOUT: "b"usage: git [-v | --version] [-h | --help] [-C <path>] [-c <name>=<value>]\n           [--exec-path[=<path>]] [--html-path] [--man-path] [--info-path]\n           [-p | --paginate | -P | --no-pager] [--no-replace-objects] [--bare]\n           [--git-dir=<path>] [--work-tree=<path>] [--namespace=<name>]\n           [--config-env=<name>=<envvar>] <command> [<args>]\n\nThese are common Git commands used in various situations:\n\nstart a working area (see also: git help tutorial)\n   clone     Clone a repository into a new directory\n   init      Create an empty Git repository or reinitialize an existing one\n\nwork on the current change (see also: git help everyday)\n   add       Add file contents to the index\n   mv        Move or rename a file, a directory, or a symlink\n   restore   Restore working tree files\n   rm        Remove files from the working tree and from the index\n\nexamine the history and state (see also: git help revisions)\n   bisect    Use binary search to find the commit that introduced a bug\n   diff      Show changes between commits, commit and working tree, etc\n   grep      Print lines matching a pattern\n   log       Show commit logs\n   show      Show various types of objects\n   status    Show the working tree status\n\ngrow, mark and tweak your common history\n   branch    List, create, or delete branches\n   commit    Record changes to the repository\n   merge     Join two or more development histories together\n   rebase    Reapply commits on top of another base tip\n   reset     Reset current HEAD to the specified state\n   switch    Switch branches\n   tag       Create, list, delete or verify a tag object signed with GPG\n\ncollaborate (see also: git help workflows)\n   fetch     Download objects and refs from another repository\n   pull      Fetch from and integrate with another repository or a local branch\n   push      Update remote refs along with associated objects\n\n'git help -a' and 'git help -g' list available subcommands and some\nconcept guides. See 'git help <command>' or 'git help <concept>'\nto read about a specific subcommand or concept.\nSee 'git help git' for an overview of the system.\n""
[0m21:54:58.862961 [debug] [MainThread]: STDERR: "b''"
[0m21:54:58.863962 [info ] [MainThread]:  - git [[32mOK found[0m]

[0m21:54:58.865982 [info ] [MainThread]: Connection test skipped since no profile was found
[0m21:54:58.868998 [info ] [MainThread]: [31m2 checks failed:[0m
[0m21:54:58.870966 [info ] [MainThread]: Could not load dbt_project.yml
Profile loading failed for the following reason:
Runtime Error
  Credentials in profile "cosmosproject", target "dev" invalid: Runtime Error
    Could not find adapter type snowflake!


[0m21:54:58.872963 [info ] [MainThread]: Project loading failed for the following reason:
 project path <D:\airflow_dbt_demo\dbt_project.yml> not found

[0m21:54:58.875966 [debug] [MainThread]: Command `dbt debug` failed at 21:54:58.874962 after 0.18 seconds
[0m21:54:58.877493 [debug] [MainThread]: Sending event: {'category': 'dbt', 'action': 'invocation', 'label': 'end', 'context': [<snowplow_tracker.self_describing_json.SelfDescribingJson object at 0x0000025D49870390>, <snowplow_tracker.self_describing_json.SelfDescribingJson object at 0x0000025D49B3F410>, <snowplow_tracker.self_describing_json.SelfDescribingJson object at 0x0000025D50F19710>]}
[0m21:54:58.878494 [debug] [MainThread]: Flushing usage events
[0m10:50:46.484920 [debug] [MainThread]: Sending event: {'category': 'dbt', 'action': 'invocation', 'label': 'start', 'context': [<snowplow_tracker.self_describing_json.SelfDescribingJson object at 0x00000220DBE1AFD0>, <snowplow_tracker.self_describing_json.SelfDescribingJson object at 0x00000220DBAF07D0>, <snowplow_tracker.self_describing_json.SelfDescribingJson object at 0x00000220DBE1B690>]}


============================== 10:50:46.493217 | d0c1f5f5-0528-47a0-99cb-3cbd77aae90e ==============================
[0m10:50:46.493217 [info ] [MainThread]: Running with dbt=1.7.6
[0m10:50:46.495939 [debug] [MainThread]: running dbt with arguments {'printer_width': '80', 'indirect_selection': 'eager', 'log_cache_events': 'False', 'write_json': 'True', 'partial_parse': 'True', 'cache_selected_only': 'False', 'profiles_dir': 'D:\\airflow_dbt_demo', 'version_check': 'True', 'warn_error': 'None', 'log_path': 'logs', 'fail_fast': 'False', 'debug': 'False', 'use_colors': 'True', 'use_experimental_parser': 'False', 'no_print': 'None', 'quiet': 'False', 'warn_error_options': 'WarnErrorOptions(include=[], exclude=[])', 'introspect': 'True', 'static_parser': 'True', 'invocation_command': 'dbt run', 'target_path': 'None', 'log_format': 'default', 'send_anonymous_usage_stats': 'True'}
[0m10:50:46.496948 [error] [MainThread]: Encountered an error:
Runtime Error
  No dbt_project.yml found at expected path D:\airflow_dbt_demo\dbt_project.yml
  Verify that each entry within packages.yml (and their transitive dependencies) contains a file named dbt_project.yml
  
[0m10:50:46.501201 [debug] [MainThread]: Command `dbt run` failed at 10:50:46.500200 after 0.10 seconds
[0m10:50:46.501201 [debug] [MainThread]: Sending event: {'category': 'dbt', 'action': 'invocation', 'label': 'end', 'context': [<snowplow_tracker.self_describing_json.SelfDescribingJson object at 0x00000220DBA89F90>, <snowplow_tracker.self_describing_json.SelfDescribingJson object at 0x00000220DBDD7050>, <snowplow_tracker.self_describing_json.SelfDescribingJson object at 0x00000220DBDD7390>]}
[0m10:50:46.502200 [debug] [MainThread]: Flushing usage events
